{"D:\\My Practise\\Todo12.22\\backend\\520\\todolist1222\\backend\\src\\env.ts": {"path":"D:\\My Practise\\Todo12.22\\backend\\520\\todolist1222\\backend\\src\\env.ts","statementMap":{"0":{"start":{"line":1,"column":0},"end":{"line":1,"column":23}},"1":{"start":{"line":3,"column":13},"end":{"line":14,"column":2}}},"fnMap":{},"branchMap":{"0":{"loc":{"start":{"line":7,"column":8},"end":{"line":7,"column":40}},"type":"binary-expr","locations":[{"start":{"line":7,"column":8},"end":{"line":7,"column":32}},{"start":{"line":7,"column":36},"end":{"line":7,"column":40}}]},"1":{"loc":{"start":{"line":8,"column":10},"end":{"line":8,"column":45}},"type":"binary-expr","locations":[{"start":{"line":8,"column":10},"end":{"line":8,"column":37}},{"start":{"line":8,"column":41},"end":{"line":8,"column":45}}]},"2":{"loc":{"start":{"line":11,"column":13},"end":{"line":11,"column":52}},"type":"binary-expr","locations":[{"start":{"line":11,"column":13},"end":{"line":11,"column":44}},{"start":{"line":11,"column":48},"end":{"line":11,"column":52}}]}},"s":{"0":2,"1":2},"f":{},"b":{"0":[2,0],"1":[2,0],"2":[2,0]}}
,"D:\\My Practise\\Todo12.22\\backend\\520\\todolist1222\\backend\\src\\controllers\\Auth\\index.ts": {"path":"D:\\My Practise\\Todo12.22\\backend\\520\\todolist1222\\backend\\src\\controllers\\Auth\\index.ts","statementMap":{"0":{"start":{"line":1,"column":0},"end":{"line":1,"column":34}},"1":{"start":{"line":2,"column":0},"end":{"line":2,"column":37}}},"fnMap":{},"branchMap":{},"s":{"0":1,"1":1},"f":{},"b":{}}
,"D:\\My Practise\\Todo12.22\\backend\\520\\todolist1222\\backend\\src\\controllers\\Auth\\login.controller.ts": {"path":"D:\\My Practise\\Todo12.22\\backend\\520\\todolist1222\\backend\\src\\controllers\\Auth\\login.controller.ts","statementMap":{"0":{"start":{"line":1,"column":0},"end":{"line":1,"column":45}},"1":{"start":{"line":3,"column":0},"end":{"line":3,"column":50}},"2":{"start":{"line":4,"column":0},"end":{"line":4,"column":53}},"3":{"start":{"line":5,"column":0},"end":{"line":5,"column":55}},"4":{"start":{"line":7,"column":21},"end":{"line":26,"column":2}},"5":{"start":{"line":7,"column":59},"end":{"line":26,"column":2}},"6":{"start":{"line":8,"column":30},"end":{"line":8,"column":38}},"7":{"start":{"line":9,"column":2},"end":{"line":25,"column":3}},"8":{"start":{"line":10,"column":15},"end":{"line":10,"column":54}},"9":{"start":{"line":12,"column":4},"end":{"line":14,"column":5}},"10":{"start":{"line":13,"column":6},"end":{"line":13,"column":64}},"11":{"start":{"line":16,"column":30},"end":{"line":16,"column":76}},"12":{"start":{"line":17,"column":4},"end":{"line":19,"column":5}},"13":{"start":{"line":18,"column":6},"end":{"line":18,"column":71}},"14":{"start":{"line":21,"column":18},"end":{"line":21,"column":42}},"15":{"start":{"line":22,"column":4},"end":{"line":22,"column":60}},"16":{"start":{"line":24,"column":4},"end":{"line":24,"column":64}},"17":{"start":{"line":28,"column":13},"end":{"line":28,"column":65}}},"fnMap":{"0":{"name":"(anonymous_7)","decl":{"start":{"line":7,"column":21},"end":{"line":7,"column":28}},"loc":{"start":{"line":7,"column":59},"end":{"line":26,"column":2}}},"1":{"name":"(anonymous_8)","decl":{"start":{"line":7,"column":59},"end":{"line":7,"column":null}},"loc":{"start":{"line":7,"column":59},"end":{"line":26,"column":1}}}},"branchMap":{"0":{"loc":{"start":{"line":12,"column":4},"end":{"line":14,"column":5}},"type":"if","locations":[{"start":{"line":12,"column":4},"end":{"line":14,"column":5}}]},"1":{"loc":{"start":{"line":17,"column":4},"end":{"line":19,"column":5}},"type":"if","locations":[{"start":{"line":17,"column":4},"end":{"line":19,"column":5}}]}},"s":{"0":1,"1":1,"2":1,"3":1,"4":1,"5":3,"6":3,"7":3,"8":3,"9":3,"10":1,"11":2,"12":2,"13":1,"14":1,"15":1,"16":0,"17":1},"f":{"0":3,"1":3},"b":{"0":[1],"1":[1]}}
,"D:\\My Practise\\Todo12.22\\backend\\520\\todolist1222\\backend\\src\\controllers\\Auth\\register.controller.ts": {"path":"D:\\My Practise\\Todo12.22\\backend\\520\\todolist1222\\backend\\src\\controllers\\Auth\\register.controller.ts","statementMap":{"0":{"start":{"line":2,"column":0},"end":{"line":2,"column":45}},"1":{"start":{"line":3,"column":0},"end":{"line":3,"column":50}},"2":{"start":{"line":4,"column":0},"end":{"line":4,"column":46}},"3":{"start":{"line":5,"column":0},"end":{"line":5,"column":37}},"4":{"start":{"line":7,"column":24},"end":{"line":16,"column":null}},"5":{"start":{"line":7,"column":62},"end":{"line":16,"column":null}},"6":{"start":{"line":8,"column":40},"end":{"line":8,"column":48}},"7":{"start":{"line":9,"column":23},"end":{"line":9,"column":54}},"8":{"start":{"line":10,"column":15},"end":{"line":14,"column":4}},"9":{"start":{"line":15,"column":2},"end":{"line":15,"column":null}},"10":{"start":{"line":18,"column":13},"end":{"line":18,"column":71}}},"fnMap":{"0":{"name":"(anonymous_8)","decl":{"start":{"line":7,"column":24},"end":{"line":7,"column":31}},"loc":{"start":{"line":7,"column":62},"end":{"line":16,"column":null}}},"1":{"name":"(anonymous_9)","decl":{"start":{"line":7,"column":62},"end":{"line":7,"column":null}},"loc":{"start":{"line":7,"column":62},"end":{"line":16,"column":1}}}},"branchMap":{},"s":{"0":1,"1":1,"2":1,"3":1,"4":1,"5":3,"6":3,"7":3,"8":2,"9":1,"10":1},"f":{"0":3,"1":3},"b":{}}
,"D:\\My Practise\\Todo12.22\\backend\\520\\todolist1222\\backend\\src\\controllers\\List\\list.controller.ts": {"path":"D:\\My Practise\\Todo12.22\\backend\\520\\todolist1222\\backend\\src\\controllers\\List\\list.controller.ts","statementMap":{"0":{"start":{"line":2,"column":0},"end":{"line":2,"column":58}},"1":{"start":{"line":7,"column":4},"end":{"line":13,"column":5}},"2":{"start":{"line":8,"column":21},"end":{"line":8,"column":34}},"3":{"start":{"line":9,"column":19},"end":{"line":9,"column":65}},"4":{"start":{"line":10,"column":6},"end":{"line":10,"column":33}},"5":{"start":{"line":12,"column":6},"end":{"line":12,"column":63}},"6":{"start":{"line":18,"column":4},"end":{"line":25,"column":5}},"7":{"start":{"line":19,"column":21},"end":{"line":19,"column":34}},"8":{"start":{"line":20,"column":6},"end":{"line":20,"column":null}},"9":{"start":{"line":21,"column":20},"end":{"line":21,"column":57}},"10":{"start":{"line":22,"column":6},"end":{"line":22,"column":22}},"11":{"start":{"line":24,"column":6},"end":{"line":24,"column":64}},"12":{"start":{"line":30,"column":4},"end":{"line":39,"column":5}},"13":{"start":{"line":31,"column":21},"end":{"line":31,"column":34}},"14":{"start":{"line":32,"column":19},"end":{"line":32,"column":71}},"15":{"start":{"line":33,"column":6},"end":{"line":35,"column":7}},"16":{"start":{"line":34,"column":8},"end":{"line":34,"column":67}},"17":{"start":{"line":36,"column":6},"end":{"line":36,"column":21}},"18":{"start":{"line":38,"column":6},"end":{"line":38,"column":63}},"19":{"start":{"line":44,"column":4},"end":{"line":53,"column":5}},"20":{"start":{"line":45,"column":21},"end":{"line":45,"column":34}},"21":{"start":{"line":46,"column":26},"end":{"line":46,"column":87}},"22":{"start":{"line":47,"column":6},"end":{"line":49,"column":7}},"23":{"start":{"line":48,"column":8},"end":{"line":48,"column":67}},"24":{"start":{"line":50,"column":6},"end":{"line":50,"column":28}},"25":{"start":{"line":52,"column":6},"end":{"line":52,"column":63}},"26":{"start":{"line":58,"column":4},"end":{"line":67,"column":5}},"27":{"start":{"line":59,"column":21},"end":{"line":59,"column":34}},"28":{"start":{"line":60,"column":22},"end":{"line":60,"column":73}},"29":{"start":{"line":61,"column":6},"end":{"line":63,"column":7}},"30":{"start":{"line":62,"column":8},"end":{"line":62,"column":67}},"31":{"start":{"line":64,"column":6},"end":{"line":64,"column":29}},"32":{"start":{"line":66,"column":6},"end":{"line":66,"column":63}},"33":{"start":{"line":74,"column":4},"end":{"line":80,"column":5}},"34":{"start":{"line":75,"column":21},"end":{"line":75,"column":34}},"35":{"start":{"line":76,"column":20},"end":{"line":76,"column":63}},"36":{"start":{"line":77,"column":6},"end":{"line":77,"column":22}},"37":{"start":{"line":79,"column":6},"end":{"line":79,"column":74}},"38":{"start":{"line":85,"column":4},"end":{"line":91,"column":5}},"39":{"start":{"line":86,"column":21},"end":{"line":86,"column":34}},"40":{"start":{"line":87,"column":20},"end":{"line":87,"column":63}},"41":{"start":{"line":88,"column":6},"end":{"line":88,"column":22}},"42":{"start":{"line":90,"column":6},"end":{"line":90,"column":74}},"43":{"start":{"line":96,"column":4},"end":{"line":102,"column":5}},"44":{"start":{"line":97,"column":21},"end":{"line":97,"column":34}},"45":{"start":{"line":98,"column":19},"end":{"line":98,"column":78}},"46":{"start":{"line":99,"column":6},"end":{"line":99,"column":21}},"47":{"start":{"line":101,"column":6},"end":{"line":101,"column":74}},"48":{"start":{"line":107,"column":4},"end":{"line":113,"column":5}},"49":{"start":{"line":108,"column":21},"end":{"line":108,"column":34}},"50":{"start":{"line":109,"column":19},"end":{"line":109,"column":80}},"51":{"start":{"line":110,"column":6},"end":{"line":110,"column":21}},"52":{"start":{"line":112,"column":6},"end":{"line":112,"column":74}},"53":{"start":{"line":4,"column":0},"end":{"line":4,"column":13}},"54":{"start":{"line":117,"column":13},"end":{"line":117,"column":51}}},"fnMap":{"0":{"name":"(anonymous_7)","decl":{"start":{"line":6,"column":8},"end":{"line":6,"column":18}},"loc":{"start":{"line":6,"column":37},"end":{"line":14,"column":null}}},"1":{"name":"(anonymous_9)","decl":{"start":{"line":17,"column":8},"end":{"line":17,"column":19}},"loc":{"start":{"line":17,"column":38},"end":{"line":26,"column":null}}},"2":{"name":"(anonymous_11)","decl":{"start":{"line":29,"column":8},"end":{"line":29,"column":19}},"loc":{"start":{"line":29,"column":38},"end":{"line":40,"column":null}}},"3":{"name":"(anonymous_13)","decl":{"start":{"line":43,"column":8},"end":{"line":43,"column":18}},"loc":{"start":{"line":43,"column":37},"end":{"line":54,"column":null}}},"4":{"name":"(anonymous_15)","decl":{"start":{"line":57,"column":8},"end":{"line":57,"column":18}},"loc":{"start":{"line":57,"column":37},"end":{"line":68,"column":null}}},"5":{"name":"(anonymous_17)","decl":{"start":{"line":73,"column":8},"end":{"line":73,"column":25}},"loc":{"start":{"line":73,"column":44},"end":{"line":81,"column":null}}},"6":{"name":"(anonymous_19)","decl":{"start":{"line":84,"column":8},"end":{"line":84,"column":25}},"loc":{"start":{"line":84,"column":44},"end":{"line":92,"column":null}}},"7":{"name":"(anonymous_21)","decl":{"start":{"line":95,"column":8},"end":{"line":95,"column":26}},"loc":{"start":{"line":95,"column":45},"end":{"line":103,"column":null}}},"8":{"name":"(anonymous_23)","decl":{"start":{"line":106,"column":8},"end":{"line":106,"column":28}},"loc":{"start":{"line":106,"column":47},"end":{"line":114,"column":null}}}},"branchMap":{"0":{"loc":{"start":{"line":33,"column":6},"end":{"line":35,"column":7}},"type":"if","locations":[{"start":{"line":33,"column":6},"end":{"line":35,"column":7}}]},"1":{"loc":{"start":{"line":47,"column":6},"end":{"line":49,"column":7}},"type":"if","locations":[{"start":{"line":47,"column":6},"end":{"line":49,"column":7}}]},"2":{"loc":{"start":{"line":61,"column":6},"end":{"line":63,"column":7}},"type":"if","locations":[{"start":{"line":61,"column":6},"end":{"line":63,"column":7}}]}},"s":{"0":1,"1":2,"2":2,"3":2,"4":1,"5":1,"6":2,"7":2,"8":2,"9":2,"10":1,"11":1,"12":2,"13":2,"14":2,"15":2,"16":1,"17":1,"18":0,"19":2,"20":2,"21":2,"22":2,"23":1,"24":1,"25":0,"26":2,"27":2,"28":2,"29":2,"30":1,"31":1,"32":0,"33":1,"34":1,"35":1,"36":1,"37":0,"38":1,"39":1,"40":1,"41":1,"42":0,"43":1,"44":1,"45":1,"46":1,"47":0,"48":1,"49":1,"50":1,"51":1,"52":0,"53":1,"54":1},"f":{"0":2,"1":2,"2":2,"3":2,"4":2,"5":1,"6":1,"7":1,"8":1},"b":{"0":[1],"1":[1],"2":[1]}}
,"D:\\My Practise\\Todo12.22\\backend\\520\\todolist1222\\backend\\src\\db\\db.create.ts": {"path":"D:\\My Practise\\Todo12.22\\backend\\520\\todolist1222\\backend\\src\\db\\db.create.ts","statementMap":{"0":{"start":{"line":2,"column":0},"end":{"line":2,"column":51}},"1":{"start":{"line":3,"column":0},"end":{"line":3,"column":29}},"2":{"start":{"line":4,"column":0},"end":{"line":4,"column":51}},"3":{"start":{"line":6,"column":24},"end":{"line":27,"column":2}},"4":{"start":{"line":6,"column":35},"end":{"line":27,"column":2}},"5":{"start":{"line":7,"column":2},"end":{"line":26,"column":3}},"6":{"start":{"line":9,"column":4},"end":{"line":20,"column":7}},"7":{"start":{"line":22,"column":4},"end":{"line":22,"column":61}},"8":{"start":{"line":24,"column":4},"end":{"line":24,"column":53}},"9":{"start":{"line":25,"column":4},"end":{"line":25,"column":16}},"10":{"start":{"line":6,"column":13},"end":{"line":6,"column":24}}},"fnMap":{"0":{"name":"(anonymous_7)","decl":{"start":{"line":6,"column":24},"end":{"line":6,"column":33}},"loc":{"start":{"line":6,"column":35},"end":{"line":27,"column":2}}},"1":{"name":"(anonymous_8)","decl":{"start":{"line":6,"column":35},"end":{"line":6,"column":null}},"loc":{"start":{"line":6,"column":35},"end":{"line":27,"column":1}}}},"branchMap":{},"s":{"0":1,"1":1,"2":1,"3":1,"4":0,"5":0,"6":0,"7":0,"8":0,"9":0,"10":1},"f":{"0":0,"1":0},"b":{}}
,"D:\\My Practise\\Todo12.22\\backend\\520\\todolist1222\\backend\\src\\db\\db.setup.ts": {"path":"D:\\My Practise\\Todo12.22\\backend\\520\\todolist1222\\backend\\src\\db\\db.setup.ts","statementMap":{"0":{"start":{"line":1,"column":0},"end":{"line":1,"column":37}},"1":{"start":{"line":2,"column":0},"end":{"line":2,"column":64}},"2":{"start":{"line":3,"column":0},"end":{"line":3,"column":51}},"3":{"start":{"line":4,"column":0},"end":{"line":4,"column":29}},"4":{"start":{"line":6,"column":13},"end":{"line":18,"column":3}}},"fnMap":{},"branchMap":{},"s":{"0":1,"1":1,"2":1,"3":1,"4":1},"f":{},"b":{}}
,"D:\\My Practise\\Todo12.22\\backend\\520\\todolist1222\\backend\\src\\db\\index.ts": {"path":"D:\\My Practise\\Todo12.22\\backend\\520\\todolist1222\\backend\\src\\db\\index.ts","statementMap":{"0":{"start":{"line":1,"column":0},"end":{"line":1,"column":27}},"1":{"start":{"line":2,"column":0},"end":{"line":2,"column":26}}},"fnMap":{},"branchMap":{},"s":{"0":1,"1":1},"f":{},"b":{}}
,"D:\\My Practise\\Todo12.22\\backend\\520\\todolist1222\\backend\\src\\entity\\core.entity.ts": {"path":"D:\\My Practise\\Todo12.22\\backend\\520\\todolist1222\\backend\\src\\entity\\core.entity.ts","statementMap":{"0":{"start":{"line":1,"column":0},"end":{"line":1,"column":87}},"1":{"start":{"line":4,"column":7},"end":{"line":11,"column":null}},"2":{"start":{"line":4,"column":13},"end":{"line":4,"column":23}},"3":{"start":{"line":6,"column":2},"end":{"line":6,"column":null}},"4":{"start":{"line":8,"column":2},"end":{"line":8,"column":null}},"5":{"start":{"line":10,"column":2},"end":{"line":10,"column":null}},"6":{"start":{"line":4,"column":13},"end":{"line":11,"column":null}}},"fnMap":{},"branchMap":{},"s":{"0":3,"1":3,"2":3,"3":3,"4":3,"5":3,"6":3},"f":{},"b":{}}
,"D:\\My Practise\\Todo12.22\\backend\\520\\todolist1222\\backend\\src\\entity\\index.ts": {"path":"D:\\My Practise\\Todo12.22\\backend\\520\\todolist1222\\backend\\src\\entity\\index.ts","statementMap":{"0":{"start":{"line":1,"column":0},"end":{"line":1,"column":29}},"1":{"start":{"line":2,"column":0},"end":{"line":2,"column":29}},"2":{"start":{"line":3,"column":0},"end":{"line":3,"column":29}}},"fnMap":{},"branchMap":{},"s":{"0":3,"1":3,"2":3},"f":{},"b":{}}
,"D:\\My Practise\\Todo12.22\\backend\\520\\todolist1222\\backend\\src\\entity\\list.entity.ts": {"path":"D:\\My Practise\\Todo12.22\\backend\\520\\todolist1222\\backend\\src\\entity\\list.entity.ts","statementMap":{"0":{"start":{"line":1,"column":0},"end":{"line":1,"column":88}},"1":{"start":{"line":2,"column":0},"end":{"line":2,"column":43}},"2":{"start":{"line":3,"column":0},"end":{"line":3,"column":43}},"3":{"start":{"line":6,"column":7},"end":{"line":30,"column":null}},"4":{"start":{"line":6,"column":13},"end":{"line":6,"column":23}},"5":{"start":{"line":8,"column":2},"end":{"line":8,"column":null}},"6":{"start":{"line":11,"column":2},"end":{"line":11,"column":null}},"7":{"start":{"line":14,"column":2},"end":{"line":14,"column":null}},"8":{"start":{"line":17,"column":2},"end":{"line":17,"column":null}},"9":{"start":{"line":20,"column":2},"end":{"line":20,"column":null}},"10":{"start":{"line":23,"column":2},"end":{"line":23,"column":null}},"11":{"start":{"line":27,"column":2},"end":{"line":27,"column":null}},"12":{"start":{"line":25,"column":19},"end":{"line":25,"column":29}},"13":{"start":{"line":25,"column":41},"end":{"line":25,"column":51}},"14":{"start":{"line":6,"column":13},"end":{"line":30,"column":null}}},"fnMap":{"0":{"name":"(anonymous_2)","decl":{"start":{"line":25,"column":13},"end":{"line":25,"column":16}},"loc":{"start":{"line":25,"column":19},"end":{"line":25,"column":29}}},"1":{"name":"(anonymous_3)","decl":{"start":{"line":25,"column":31},"end":{"line":25,"column":32}},"loc":{"start":{"line":25,"column":41},"end":{"line":25,"column":51}}}},"branchMap":{},"s":{"0":3,"1":3,"2":3,"3":3,"4":3,"5":3,"6":3,"7":3,"8":3,"9":3,"10":3,"11":3,"12":0,"13":0,"14":3},"f":{"0":0,"1":0},"b":{}}
,"D:\\My Practise\\Todo12.22\\backend\\520\\todolist1222\\backend\\src\\entity\\user.entity.ts": {"path":"D:\\My Practise\\Todo12.22\\backend\\520\\todolist1222\\backend\\src\\entity\\user.entity.ts","statementMap":{"0":{"start":{"line":1,"column":0},"end":{"line":1,"column":76}},"1":{"start":{"line":2,"column":0},"end":{"line":2,"column":43}},"2":{"start":{"line":3,"column":0},"end":{"line":3,"column":43}},"3":{"start":{"line":5,"column":7},"end":{"line":20,"column":null}},"4":{"start":{"line":5,"column":13},"end":{"line":5,"column":23}},"5":{"start":{"line":7,"column":2},"end":{"line":7,"column":null}},"6":{"start":{"line":10,"column":2},"end":{"line":10,"column":null}},"7":{"start":{"line":13,"column":2},"end":{"line":13,"column":null}},"8":{"start":{"line":16,"column":2},"end":{"line":16,"column":null}},"9":{"start":{"line":19,"column":2},"end":{"line":19,"column":null}},"10":{"start":{"line":18,"column":19},"end":{"line":18,"column":29}},"11":{"start":{"line":18,"column":41},"end":{"line":18,"column":50}},"12":{"start":{"line":5,"column":13},"end":{"line":20,"column":null}}},"fnMap":{"0":{"name":"(anonymous_2)","decl":{"start":{"line":18,"column":13},"end":{"line":18,"column":16}},"loc":{"start":{"line":18,"column":19},"end":{"line":18,"column":29}}},"1":{"name":"(anonymous_3)","decl":{"start":{"line":18,"column":31},"end":{"line":18,"column":32}},"loc":{"start":{"line":18,"column":41},"end":{"line":18,"column":50}}}},"branchMap":{},"s":{"0":3,"1":3,"2":3,"3":3,"4":3,"5":3,"6":3,"7":3,"8":3,"9":3,"10":0,"11":0,"12":3},"f":{"0":0,"1":0},"b":{}}
,"D:\\My Practise\\Todo12.22\\backend\\520\\todolist1222\\backend\\src\\errors\\argumentValidation.error.ts": {"path":"D:\\My Practise\\Todo12.22\\backend\\520\\todolist1222\\backend\\src\\errors\\argumentValidation.error.ts","statementMap":{"0":{"start":{"line":1,"column":0},"end":{"line":1,"column":37}},"1":{"start":{"line":2,"column":0},"end":{"line":2,"column":45}},"2":{"start":{"line":11,"column":4},"end":{"line":11,"column":null}},"3":{"start":{"line":12,"column":4},"end":{"line":12,"column":null}},"4":{"start":{"line":4,"column":0},"end":{"line":4,"column":13}}},"fnMap":{"0":{"name":"(anonymous_1)","decl":{"start":{"line":6,"column":2},"end":{"line":6,"column":null}},"loc":{"start":{"line":9,"column":23},"end":{"line":13,"column":3}}}},"branchMap":{},"s":{"0":1,"1":1,"2":0,"3":0,"4":1},"f":{"0":0},"b":{}}
,"D:\\My Practise\\Todo12.22\\backend\\520\\todolist1222\\backend\\src\\errors\\custom.error.ts": {"path":"D:\\My Practise\\Todo12.22\\backend\\520\\todolist1222\\backend\\src\\errors\\custom.error.ts","statementMap":{"0":{"start":{"line":1,"column":0},"end":{"line":1,"column":37}},"1":{"start":{"line":12,"column":4},"end":{"line":12,"column":null}},"2":{"start":{"line":13,"column":4},"end":{"line":13,"column":27}},"3":{"start":{"line":14,"column":4},"end":{"line":14,"column":31}},"4":{"start":{"line":15,"column":4},"end":{"line":15,"column":31}},"5":{"start":{"line":16,"column":4},"end":{"line":16,"column":null}},"6":{"start":{"line":3,"column":0},"end":{"line":3,"column":13}}},"fnMap":{"0":{"name":"(anonymous_1)","decl":{"start":{"line":7,"column":2},"end":{"line":7,"column":null}},"loc":{"start":{"line":10,"column":23},"end":{"line":17,"column":3}}}},"branchMap":{"0":{"loc":{"start":{"line":9,"column":4},"end":{"line":9,"column":46}},"type":"default-arg","locations":[{"start":{"line":9,"column":24},"end":{"line":9,"column":46}}]}},"s":{"0":1,"1":0,"2":0,"3":0,"4":0,"5":0,"6":1},"f":{"0":0},"b":{"0":[0]}}
,"D:\\My Practise\\Todo12.22\\backend\\520\\todolist1222\\backend\\src\\errors\\index.ts": {"path":"D:\\My Practise\\Todo12.22\\backend\\520\\todolist1222\\backend\\src\\errors\\index.ts","statementMap":{"0":{"start":{"line":1,"column":0},"end":{"line":1,"column":42}},"1":{"start":{"line":2,"column":0},"end":{"line":2,"column":30}},"2":{"start":{"line":3,"column":0},"end":{"line":3,"column":36}}},"fnMap":{},"branchMap":{},"s":{"0":1,"1":1,"2":1},"f":{},"b":{}}
,"D:\\My Practise\\Todo12.22\\backend\\520\\todolist1222\\backend\\src\\errors\\unauthorized.error.ts": {"path":"D:\\My Practise\\Todo12.22\\backend\\520\\todolist1222\\backend\\src\\errors\\unauthorized.error.ts","statementMap":{"0":{"start":{"line":1,"column":0},"end":{"line":1,"column":36}},"1":{"start":{"line":2,"column":0},"end":{"line":2,"column":44}},"2":{"start":{"line":6,"column":4},"end":{"line":6,"column":null}},"3":{"start":{"line":4,"column":0},"end":{"line":4,"column":13}}},"fnMap":{"0":{"name":"(anonymous_1)","decl":{"start":{"line":5,"column":2},"end":{"line":5,"column":14}},"loc":{"start":{"line":5,"column":50},"end":{"line":7,"column":3}}}},"branchMap":{},"s":{"0":1,"1":1,"2":0,"3":1},"f":{"0":0},"b":{}}
,"D:\\My Practise\\Todo12.22\\backend\\520\\todolist1222\\backend\\src\\routes\\listRouter.ts": {"path":"D:\\My Practise\\Todo12.22\\backend\\520\\todolist1222\\backend\\src\\routes\\listRouter.ts","statementMap":{"0":{"start":{"line":1,"column":0},"end":{"line":1,"column":30}},"1":{"start":{"line":2,"column":0},"end":{"line":2,"column":69}},"2":{"start":{"line":3,"column":0},"end":{"line":3,"column":37}},"3":{"start":{"line":5,"column":13},"end":{"line":5,"column":43}},"4":{"start":{"line":7,"column":0},"end":{"line":7,"column":26}},"5":{"start":{"line":10,"column":0},"end":{"line":10,"column":49}},"6":{"start":{"line":11,"column":0},"end":{"line":11,"column":49}},"7":{"start":{"line":12,"column":0},"end":{"line":12,"column":64}},"8":{"start":{"line":13,"column":0},"end":{"line":13,"column":64}},"9":{"start":{"line":14,"column":0},"end":{"line":14,"column":52}},"10":{"start":{"line":15,"column":0},"end":{"line":15,"column":52}},"11":{"start":{"line":16,"column":0},"end":{"line":16,"column":54}},"12":{"start":{"line":17,"column":0},"end":{"line":17,"column":77}},"13":{"start":{"line":18,"column":0},"end":{"line":18,"column":81}}},"fnMap":{},"branchMap":{},"s":{"0":1,"1":1,"2":1,"3":1,"4":1,"5":1,"6":1,"7":1,"8":1,"9":1,"10":1,"11":1,"12":1,"13":1},"f":{},"b":{}}
,"D:\\My Practise\\Todo12.22\\backend\\520\\todolist1222\\backend\\src\\services\\list.service.ts": {"path":"D:\\My Practise\\Todo12.22\\backend\\520\\todolist1222\\backend\\src\\services\\list.service.ts","statementMap":{"0":{"start":{"line":1,"column":0},"end":{"line":1,"column":45}},"1":{"start":{"line":2,"column":0},"end":{"line":2,"column":39}},"2":{"start":{"line":3,"column":0},"end":{"line":3,"column":37}},"3":{"start":{"line":10,"column":4},"end":{"line":10,"column":65}},"4":{"start":{"line":17,"column":4},"end":{"line":26,"column":5}},"5":{"start":{"line":18,"column":22},"end":{"line":20,"column":null}},"6":{"start":{"line":22,"column":6},"end":{"line":22,"column":53}},"7":{"start":{"line":24,"column":6},"end":{"line":24,"column":51}},"8":{"start":{"line":25,"column":6},"end":{"line":25,"column":47}},"9":{"start":{"line":33,"column":4},"end":{"line":44,"column":5}},"10":{"start":{"line":34,"column":6},"end":{"line":40,"column":9}},"11":{"start":{"line":42,"column":6},"end":{"line":42,"column":52}},"12":{"start":{"line":43,"column":6},"end":{"line":43,"column":47}},"13":{"start":{"line":51,"column":4},"end":{"line":59,"column":5}},"14":{"start":{"line":52,"column":6},"end":{"line":55,"column":9}},"15":{"start":{"line":57,"column":6},"end":{"line":57,"column":51}},"16":{"start":{"line":58,"column":6},"end":{"line":58,"column":46}},"17":{"start":{"line":66,"column":4},"end":{"line":85,"column":5}},"18":{"start":{"line":67,"column":27},"end":{"line":67,"column":65}},"19":{"start":{"line":68,"column":6},"end":{"line":71,"column":7}},"20":{"start":{"line":69,"column":8},"end":{"line":69,"column":40}},"21":{"start":{"line":70,"column":8},"end":{"line":70,"column":42}},"22":{"start":{"line":73,"column":6},"end":{"line":79,"column":8}},"23":{"start":{"line":81,"column":6},"end":{"line":81,"column":52}},"24":{"start":{"line":83,"column":6},"end":{"line":83,"column":51}},"25":{"start":{"line":84,"column":6},"end":{"line":84,"column":47}},"26":{"start":{"line":92,"column":4},"end":{"line":101,"column":5}},"27":{"start":{"line":93,"column":21},"end":{"line":96,"column":8}},"28":{"start":{"line":97,"column":6},"end":{"line":97,"column":59}},"29":{"start":{"line":99,"column":6},"end":{"line":99,"column":51}},"30":{"start":{"line":100,"column":6},"end":{"line":100,"column":47}},"31":{"start":{"line":110,"column":4},"end":{"line":121,"column":5}},"32":{"start":{"line":111,"column":6},"end":{"line":117,"column":9}},"33":{"start":{"line":119,"column":6},"end":{"line":119,"column":62}},"34":{"start":{"line":120,"column":6},"end":{"line":120,"column":57}},"35":{"start":{"line":128,"column":4},"end":{"line":139,"column":5}},"36":{"start":{"line":129,"column":6},"end":{"line":135,"column":9}},"37":{"start":{"line":137,"column":6},"end":{"line":137,"column":62}},"38":{"start":{"line":138,"column":6},"end":{"line":138,"column":57}},"39":{"start":{"line":146,"column":4},"end":{"line":158,"column":5}},"40":{"start":{"line":147,"column":19},"end":{"line":147,"column":57}},"41":{"start":{"line":148,"column":6},"end":{"line":150,"column":7}},"42":{"start":{"line":149,"column":8},"end":{"line":149,"column":42}},"43":{"start":{"line":152,"column":6},"end":{"line":154,"column":9}},"44":{"start":{"line":156,"column":6},"end":{"line":156,"column":62}},"45":{"start":{"line":157,"column":6},"end":{"line":157,"column":58}},"46":{"start":{"line":165,"column":4},"end":{"line":177,"column":5}},"47":{"start":{"line":166,"column":19},"end":{"line":166,"column":57}},"48":{"start":{"line":167,"column":6},"end":{"line":169,"column":7}},"49":{"start":{"line":168,"column":8},"end":{"line":168,"column":42}},"50":{"start":{"line":171,"column":6},"end":{"line":173,"column":9}},"51":{"start":{"line":175,"column":6},"end":{"line":175,"column":62}},"52":{"start":{"line":176,"column":6},"end":{"line":176,"column":58}},"53":{"start":{"line":184,"column":4},"end":{"line":204,"column":5}},"54":{"start":{"line":185,"column":20},"end":{"line":185,"column":30}},"55":{"start":{"line":186,"column":6},"end":{"line":186,"column":33}},"56":{"start":{"line":188,"column":23},"end":{"line":188,"column":38}},"57":{"start":{"line":189,"column":6},"end":{"line":189,"column":47}},"58":{"start":{"line":191,"column":6},"end":{"line":200,"column":9}},"59":{"start":{"line":202,"column":6},"end":{"line":202,"column":62}},"60":{"start":{"line":203,"column":6},"end":{"line":203,"column":57}},"61":{"start":{"line":211,"column":4},"end":{"line":225,"column":5}},"62":{"start":{"line":212,"column":6},"end":{"line":221,"column":19}},"63":{"start":{"line":223,"column":6},"end":{"line":223,"column":53}},"64":{"start":{"line":224,"column":6},"end":{"line":224,"column":48}},"65":{"start":{"line":6,"column":0},"end":{"line":6,"column":13}},"66":{"start":{"line":230,"column":13},"end":{"line":230,"column":45}}},"fnMap":{"0":{"name":"(anonymous_7)","decl":{"start":{"line":9,"column":2},"end":{"line":9,"column":null}},"loc":{"start":{"line":9,"column":2},"end":{"line":11,"column":3}}},"1":{"name":"(anonymous_8)","decl":{"start":{"line":16,"column":8},"end":{"line":16,"column":18}},"loc":{"start":{"line":16,"column":49},"end":{"line":27,"column":null}}},"2":{"name":"(anonymous_10)","decl":{"start":{"line":32,"column":8},"end":{"line":32,"column":19}},"loc":{"start":{"line":32,"column":34},"end":{"line":45,"column":null}}},"3":{"name":"(anonymous_12)","decl":{"start":{"line":50,"column":8},"end":{"line":50,"column":19}},"loc":{"start":{"line":50,"column":50},"end":{"line":60,"column":null}}},"4":{"name":"(anonymous_14)","decl":{"start":{"line":65,"column":8},"end":{"line":65,"column":18}},"loc":{"start":{"line":65,"column":74},"end":{"line":86,"column":null}}},"5":{"name":"(anonymous_16)","decl":{"start":{"line":91,"column":8},"end":{"line":91,"column":18}},"loc":{"start":{"line":91,"column":49},"end":{"line":102,"column":null}}},"6":{"name":"(anonymous_18)","decl":{"start":{"line":109,"column":8},"end":{"line":109,"column":25}},"loc":{"start":{"line":109,"column":40},"end":{"line":122,"column":null}}},"7":{"name":"(anonymous_20)","decl":{"start":{"line":127,"column":8},"end":{"line":127,"column":25}},"loc":{"start":{"line":127,"column":40},"end":{"line":140,"column":null}}},"8":{"name":"(anonymous_22)","decl":{"start":{"line":145,"column":8},"end":{"line":145,"column":26}},"loc":{"start":{"line":145,"column":57},"end":{"line":159,"column":null}}},"9":{"name":"(anonymous_24)","decl":{"start":{"line":164,"column":8},"end":{"line":164,"column":28}},"loc":{"start":{"line":164,"column":59},"end":{"line":178,"column":null}}},"10":{"name":"(anonymous_26)","decl":{"start":{"line":183,"column":8},"end":{"line":183,"column":24}},"loc":{"start":{"line":183,"column":39},"end":{"line":205,"column":null}}},"11":{"name":"(anonymous_28)","decl":{"start":{"line":210,"column":8},"end":{"line":210,"column":19}},"loc":{"start":{"line":210,"column":54},"end":{"line":226,"column":null}}}},"branchMap":{"0":{"loc":{"start":{"line":68,"column":6},"end":{"line":71,"column":7}},"type":"if","locations":[{"start":{"line":68,"column":6},"end":{"line":71,"column":7}}]},"1":{"loc":{"start":{"line":97,"column":13},"end":{"line":97,"column":58}},"type":"cond-expr","locations":[{"start":{"line":97,"column":31},"end":{"line":97,"column":50}},{"start":{"line":97,"column":53},"end":{"line":97,"column":58}}]},"2":{"loc":{"start":{"line":148,"column":6},"end":{"line":150,"column":7}},"type":"if","locations":[{"start":{"line":148,"column":6},"end":{"line":150,"column":7}}]},"3":{"loc":{"start":{"line":167,"column":6},"end":{"line":169,"column":7}},"type":"if","locations":[{"start":{"line":167,"column":6},"end":{"line":169,"column":7}}]}},"s":{"0":2,"1":2,"2":2,"3":29,"4":2,"5":2,"6":1,"7":1,"8":1,"9":3,"10":3,"11":1,"12":1,"13":15,"14":15,"15":1,"16":1,"17":5,"18":5,"19":5,"20":1,"21":1,"22":4,"23":3,"24":2,"25":2,"26":3,"27":3,"28":2,"29":1,"30":1,"31":2,"32":2,"33":1,"34":1,"35":2,"36":2,"37":1,"38":1,"39":2,"40":2,"41":2,"42":1,"43":1,"44":1,"45":1,"46":2,"47":2,"48":2,"49":1,"50":1,"51":1,"52":1,"53":2,"54":2,"55":2,"56":2,"57":2,"58":2,"59":1,"60":1,"61":3,"62":3,"63":1,"64":1,"65":2,"66":2},"f":{"0":29,"1":2,"2":3,"3":15,"4":5,"5":3,"6":2,"7":2,"8":2,"9":2,"10":2,"11":3},"b":{"0":[1],"1":[1,1],"2":[1],"3":[1]}}
,"D:\\My Practise\\Todo12.22\\backend\\520\\todolist1222\\backend\\src\\services\\user.service.ts": {"path":"D:\\My Practise\\Todo12.22\\backend\\520\\todolist1222\\backend\\src\\services\\user.service.ts","statementMap":{"0":{"start":{"line":1,"column":0},"end":{"line":1,"column":39}},"1":{"start":{"line":2,"column":0},"end":{"line":2,"column":37}},"2":{"start":{"line":10,"column":26},"end":{"line":20,"column":null}},"3":{"start":{"line":10,"column":49},"end":{"line":20,"column":null}},"4":{"start":{"line":11,"column":38},"end":{"line":11,"column":42}},"5":{"start":{"line":12,"column":25},"end":{"line":12,"column":63}},"6":{"start":{"line":13,"column":23},"end":{"line":15,"column":4}},"7":{"start":{"line":16,"column":2},"end":{"line":16,"column":32}},"8":{"start":{"line":16,"column":20},"end":{"line":16,"column":32}},"9":{"start":{"line":17,"column":15},"end":{"line":17,"column":65}},"10":{"start":{"line":18,"column":2},"end":{"line":18,"column":null}},"11":{"start":{"line":19,"column":2},"end":{"line":19,"column":null}},"12":{"start":{"line":10,"column":13},"end":{"line":10,"column":26}},"13":{"start":{"line":22,"column":26},"end":{"line":29,"column":null}},"14":{"start":{"line":22,"column":41},"end":{"line":29,"column":null}},"15":{"start":{"line":23,"column":25},"end":{"line":23,"column":63}},"16":{"start":{"line":24,"column":19},"end":{"line":26,"column":4}},"17":{"start":{"line":27,"column":2},"end":{"line":27,"column":28}},"18":{"start":{"line":27,"column":16},"end":{"line":27,"column":28}},"19":{"start":{"line":28,"column":2},"end":{"line":28,"column":null}},"20":{"start":{"line":22,"column":13},"end":{"line":22,"column":26}}},"fnMap":{"0":{"name":"(anonymous_7)","decl":{"start":{"line":10,"column":26},"end":{"line":10,"column":33}},"loc":{"start":{"line":10,"column":49},"end":{"line":20,"column":null}}},"1":{"name":"(anonymous_8)","decl":{"start":{"line":10,"column":49},"end":{"line":10,"column":null}},"loc":{"start":{"line":10,"column":49},"end":{"line":20,"column":1}}},"2":{"name":"(anonymous_9)","decl":{"start":{"line":22,"column":26},"end":{"line":22,"column":33}},"loc":{"start":{"line":22,"column":41},"end":{"line":29,"column":null}}},"3":{"name":"(anonymous_10)","decl":{"start":{"line":22,"column":41},"end":{"line":22,"column":null}},"loc":{"start":{"line":22,"column":41},"end":{"line":29,"column":1}}}},"branchMap":{"0":{"loc":{"start":{"line":16,"column":2},"end":{"line":16,"column":32}},"type":"if","locations":[{"start":{"line":16,"column":2},"end":{"line":16,"column":32}}]},"1":{"loc":{"start":{"line":27,"column":2},"end":{"line":27,"column":28}},"type":"if","locations":[{"start":{"line":27,"column":2},"end":{"line":27,"column":28}}]}},"s":{"0":1,"1":1,"2":1,"3":2,"4":2,"5":2,"6":2,"7":2,"8":1,"9":1,"10":1,"11":1,"12":1,"13":1,"14":2,"15":2,"16":2,"17":2,"18":1,"19":1,"20":1},"f":{"0":2,"1":2,"2":2,"3":2},"b":{"0":[1],"1":[1]}}
,"D:\\My Practise\\Todo12.22\\backend\\520\\todolist1222\\backend\\src\\utils\\checkAuth.ts": {"path":"D:\\My Practise\\Todo12.22\\backend\\520\\todolist1222\\backend\\src\\utils\\checkAuth.ts","statementMap":{"0":{"start":{"line":2,"column":0},"end":{"line":2,"column":29}},"1":{"start":{"line":3,"column":0},"end":{"line":3,"column":31}},"2":{"start":{"line":5,"column":0},"end":{"line":5,"column":42}},"3":{"start":{"line":6,"column":0},"end":{"line":6,"column":65}},"4":{"start":{"line":8,"column":25},"end":{"line":19,"column":2}},"5":{"start":{"line":8,"column":65},"end":{"line":19,"column":2}},"6":{"start":{"line":9,"column":2},"end":{"line":18,"column":3}},"7":{"start":{"line":10,"column":18},"end":{"line":10,"column":68}},"8":{"start":{"line":11,"column":26},"end":{"line":11,"column":29}},"9":{"start":{"line":12,"column":21},"end":{"line":12,"column":75}},"10":{"start":{"line":13,"column":17},"end":{"line":13,"column":55}},"11":{"start":{"line":14,"column":4},"end":{"line":14,"column":27}},"12":{"start":{"line":15,"column":4},"end":{"line":15,"column":11}},"13":{"start":{"line":17,"column":4},"end":{"line":17,"column":52}},"14":{"start":{"line":8,"column":13},"end":{"line":8,"column":25}}},"fnMap":{"0":{"name":"(anonymous_8)","decl":{"start":{"line":8,"column":25},"end":{"line":8,"column":32}},"loc":{"start":{"line":8,"column":65},"end":{"line":19,"column":2}}},"1":{"name":"(anonymous_9)","decl":{"start":{"line":8,"column":65},"end":{"line":8,"column":null}},"loc":{"start":{"line":8,"column":65},"end":{"line":19,"column":1}}}},"branchMap":{"0":{"loc":{"start":{"line":12,"column":39},"end":{"line":12,"column":59}},"type":"binary-expr","locations":[{"start":{"line":12,"column":39},"end":{"line":12,"column":48}},{"start":{"line":12,"column":50},"end":{"line":12,"column":59}}]}},"s":{"0":1,"1":1,"2":1,"3":1,"4":1,"5":0,"6":0,"7":0,"8":0,"9":0,"10":0,"11":0,"12":0,"13":0,"14":1},"f":{"0":0,"1":0},"b":{"0":[0,0]}}
,"D:\\My Practise\\Todo12.22\\backend\\520\\todolist1222\\backend\\src\\utils\\encrypt.ts": {"path":"D:\\My Practise\\Todo12.22\\backend\\520\\todolist1222\\backend\\src\\utils\\encrypt.ts","statementMap":{"0":{"start":{"line":1,"column":0},"end":{"line":1,"column":34}},"1":{"start":{"line":3,"column":31},"end":{"line":5,"column":null}},"2":{"start":{"line":3,"column":59},"end":{"line":5,"column":null}},"3":{"start":{"line":4,"column":2},"end":{"line":4,"column":null}},"4":{"start":{"line":3,"column":13},"end":{"line":3,"column":31}}},"fnMap":{"0":{"name":"(anonymous_8)","decl":{"start":{"line":3,"column":31},"end":{"line":3,"column":38}},"loc":{"start":{"line":3,"column":59},"end":{"line":5,"column":null}}},"1":{"name":"(anonymous_9)","decl":{"start":{"line":3,"column":59},"end":{"line":3,"column":null}},"loc":{"start":{"line":3,"column":59},"end":{"line":5,"column":1}}}},"branchMap":{},"s":{"0":1,"1":1,"2":6,"3":6,"4":1},"f":{"0":6,"1":6},"b":{}}
,"D:\\My Practise\\Todo12.22\\backend\\520\\todolist1222\\backend\\src\\utils\\errorHandler.ts": {"path":"D:\\My Practise\\Todo12.22\\backend\\520\\todolist1222\\backend\\src\\utils\\errorHandler.ts","statementMap":{"0":{"start":{"line":1,"column":0},"end":{"line":1,"column":52}},"1":{"start":{"line":3,"column":0},"end":{"line":3,"column":70}},"2":{"start":{"line":5,"column":35},"end":{"line":22,"column":1}},"3":{"start":{"line":8,"column":2},"end":{"line":21,"column":null}},"4":{"start":{"line":8,"column":66},"end":{"line":21,"column":null}},"5":{"start":{"line":9,"column":4},"end":{"line":20,"column":5}},"6":{"start":{"line":10,"column":21},"end":{"line":10,"column":42}},"7":{"start":{"line":11,"column":6},"end":{"line":16,"column":7}},"8":{"start":{"line":12,"column":8},"end":{"line":15,"column":null}},"9":{"start":{"line":14,"column":55},"end":{"line":14,"column":64}},"10":{"start":{"line":17,"column":6},"end":{"line":17,"column":33}},"11":{"start":{"line":19,"column":6},"end":{"line":19,"column":18}},"12":{"start":{"line":5,"column":13},"end":{"line":5,"column":35}}},"fnMap":{"0":{"name":"(anonymous_7)","decl":{"start":{"line":5,"column":35},"end":{"line":5,"column":null}},"loc":{"start":{"line":7,"column":4},"end":{"line":22,"column":1}}},"1":{"name":"(anonymous_8)","decl":{"start":{"line":8,"column":9},"end":{"line":8,"column":16}},"loc":{"start":{"line":8,"column":66},"end":{"line":21,"column":null}}},"2":{"name":"(anonymous_9)","decl":{"start":{"line":8,"column":66},"end":{"line":8,"column":null}},"loc":{"start":{"line":8,"column":66},"end":{"line":21,"column":3}}},"3":{"name":"(anonymous_10)","decl":{"start":{"line":14,"column":29},"end":{"line":14,"column":30}},"loc":{"start":{"line":14,"column":55},"end":{"line":14,"column":64}}}},"branchMap":{"0":{"loc":{"start":{"line":11,"column":6},"end":{"line":16,"column":7}},"type":"if","locations":[{"start":{"line":11,"column":6},"end":{"line":16,"column":7}}]}},"s":{"0":1,"1":1,"2":1,"3":2,"4":6,"5":6,"6":6,"7":6,"8":0,"9":0,"10":6,"11":2,"12":1},"f":{"0":2,"1":6,"2":6,"3":0},"b":{"0":[0]}}
,"D:\\My Practise\\Todo12.22\\backend\\520\\todolist1222\\backend\\src\\utils\\index.ts": {"path":"D:\\My Practise\\Todo12.22\\backend\\520\\todolist1222\\backend\\src\\utils\\index.ts","statementMap":{"0":{"start":{"line":1,"column":0},"end":{"line":1,"column":27}},"1":{"start":{"line":2,"column":0},"end":{"line":2,"column":25}},"2":{"start":{"line":3,"column":0},"end":{"line":3,"column":30}},"3":{"start":{"line":4,"column":0},"end":{"line":4,"column":26}},"4":{"start":{"line":5,"column":0},"end":{"line":5,"column":24}},"5":{"start":{"line":6,"column":0},"end":{"line":6,"column":26}},"6":{"start":{"line":7,"column":0},"end":{"line":7,"column":28}}},"fnMap":{},"branchMap":{},"s":{"0":1,"1":1,"2":1,"3":1,"4":1,"5":1,"6":1},"f":{},"b":{}}
,"D:\\My Practise\\Todo12.22\\backend\\520\\todolist1222\\backend\\src\\utils\\logger.ts": {"path":"D:\\My Practise\\Todo12.22\\backend\\520\\todolist1222\\backend\\src\\utils\\logger.ts","statementMap":{"0":{"start":{"line":3,"column":4},"end":{"line":3,"column":25}},"1":{"start":{"line":7,"column":4},"end":{"line":7,"column":26}},"2":{"start":{"line":11,"column":4},"end":{"line":11,"column":null}},"3":{"start":{"line":15,"column":4},"end":{"line":15,"column":null}},"4":{"start":{"line":19,"column":4},"end":{"line":19,"column":null}},"5":{"start":{"line":23,"column":13},"end":{"line":23,"column":null}}},"fnMap":{"0":{"name":"(anonymous_0)","decl":{"start":{"line":2,"column":2},"end":{"line":2,"column":5}},"loc":{"start":{"line":2,"column":18},"end":{"line":4,"column":3}}},"1":{"name":"(anonymous_1)","decl":{"start":{"line":6,"column":2},"end":{"line":6,"column":6}},"loc":{"start":{"line":6,"column":18},"end":{"line":8,"column":3}}},"2":{"name":"(anonymous_2)","decl":{"start":{"line":10,"column":2},"end":{"line":10,"column":7}},"loc":{"start":{"line":10,"column":19},"end":{"line":12,"column":3}}},"3":{"name":"(anonymous_3)","decl":{"start":{"line":14,"column":2},"end":{"line":14,"column":7}},"loc":{"start":{"line":14,"column":19},"end":{"line":16,"column":3}}},"4":{"name":"(anonymous_4)","decl":{"start":{"line":18,"column":2},"end":{"line":18,"column":10}},"loc":{"start":{"line":18,"column":10},"end":{"line":20,"column":3}}}},"branchMap":{},"s":{"0":0,"1":0,"2":0,"3":0,"4":0,"5":1},"f":{"0":0,"1":0,"2":0,"3":0,"4":0},"b":{}}
,"D:\\My Practise\\Todo12.22\\backend\\520\\todolist1222\\backend\\src\\utils\\validateIp.ts": {"path":"D:\\My Practise\\Todo12.22\\backend\\520\\todolist1222\\backend\\src\\utils\\validateIp.ts","statementMap":{"0":{"start":{"line":1,"column":0},"end":{"line":1,"column":51}},"1":{"start":{"line":3,"column":26},"end":{"line":5,"column":1}},"2":{"start":{"line":4,"column":2},"end":{"line":4,"column":null}},"3":{"start":{"line":3,"column":13},"end":{"line":3,"column":26}}},"fnMap":{"0":{"name":"(anonymous_0)","decl":{"start":{"line":3,"column":26},"end":{"line":3,"column":27}},"loc":{"start":{"line":3,"column":40},"end":{"line":5,"column":1}}}},"branchMap":{"0":{"loc":{"start":{"line":4,"column":9},"end":{"line":4,"column":59}},"type":"binary-expr","locations":[{"start":{"line":4,"column":9},"end":{"line":4,"column":30}},{"start":{"line":4,"column":34},"end":{"line":4,"column":59}}]}},"s":{"0":1,"1":1,"2":0,"3":1},"f":{"0":0},"b":{"0":[0,0]}}
}
