TN:
SF:src\env.ts
FNF:0
FNH:0
DA:1,2
DA:3,2
LF:2
LH:2
BRDA:7,0,0,2
BRDA:7,0,1,0
BRDA:8,1,0,2
BRDA:8,1,1,0
BRDA:11,2,0,2
BRDA:11,2,1,0
BRF:6
BRH:3
end_of_record
TN:
SF:src\controllers\Auth\index.ts
FNF:0
FNH:0
DA:1,1
DA:2,1
LF:2
LH:2
BRF:0
BRH:0
end_of_record
TN:
SF:src\controllers\Auth\login.controller.ts
FN:7,(anonymous_7)
FN:7,(anonymous_8)
FNF:2
FNH:2
FNDA:3,(anonymous_7)
FNDA:3,(anonymous_8)
DA:1,1
DA:3,1
DA:4,1
DA:5,1
DA:7,3
DA:8,3
DA:9,3
DA:10,3
DA:12,3
DA:13,1
DA:16,2
DA:17,2
DA:18,1
DA:21,1
DA:22,1
DA:24,0
DA:28,1
LF:17
LH:16
BRDA:12,0,0,1
BRDA:17,1,0,1
BRF:2
BRH:2
end_of_record
TN:
SF:src\controllers\Auth\register.controller.ts
FN:7,(anonymous_8)
FN:7,(anonymous_9)
FNF:2
FNH:2
FNDA:3,(anonymous_8)
FNDA:3,(anonymous_9)
DA:2,1
DA:3,1
DA:4,1
DA:5,1
DA:7,3
DA:8,3
DA:9,3
DA:10,2
DA:15,1
DA:18,1
LF:10
LH:10
BRF:0
BRH:0
end_of_record
TN:
SF:src\controllers\List\list.controller.ts
FN:6,(anonymous_7)
FN:17,(anonymous_9)
FN:29,(anonymous_11)
FN:43,(anonymous_13)
FN:57,(anonymous_15)
FN:73,(anonymous_17)
FN:84,(anonymous_19)
FN:95,(anonymous_21)
FN:106,(anonymous_23)
FNF:9
FNH:9
FNDA:2,(anonymous_7)
FNDA:2,(anonymous_9)
FNDA:2,(anonymous_11)
FNDA:2,(anonymous_13)
FNDA:2,(anonymous_15)
FNDA:1,(anonymous_17)
FNDA:1,(anonymous_19)
FNDA:1,(anonymous_21)
FNDA:1,(anonymous_23)
DA:2,1
DA:4,1
DA:7,2
DA:8,2
DA:9,2
DA:10,1
DA:12,1
DA:18,2
DA:19,2
DA:20,2
DA:21,2
DA:22,1
DA:24,1
DA:30,2
DA:31,2
DA:32,2
DA:33,2
DA:34,1
DA:36,1
DA:38,0
DA:44,2
DA:45,2
DA:46,2
DA:47,2
DA:48,1
DA:50,1
DA:52,0
DA:58,2
DA:59,2
DA:60,2
DA:61,2
DA:62,1
DA:64,1
DA:66,0
DA:74,1
DA:75,1
DA:76,1
DA:77,1
DA:79,0
DA:85,1
DA:86,1
DA:87,1
DA:88,1
DA:90,0
DA:96,1
DA:97,1
DA:98,1
DA:99,1
DA:101,0
DA:107,1
DA:108,1
DA:109,1
DA:110,1
DA:112,0
DA:117,1
LF:55
LH:48
BRDA:33,0,0,1
BRDA:47,1,0,1
BRDA:61,2,0,1
BRF:3
BRH:3
end_of_record
TN:
SF:src\db\db.create.ts
FN:6,(anonymous_7)
FN:6,(anonymous_8)
FNF:2
FNH:0
FNDA:0,(anonymous_7)
FNDA:0,(anonymous_8)
DA:2,1
DA:3,1
DA:4,1
DA:6,1
DA:7,0
DA:9,0
DA:22,0
DA:24,0
DA:25,0
LF:9
LH:4
BRF:0
BRH:0
end_of_record
TN:
SF:src\db\db.setup.ts
FNF:0
FNH:0
DA:1,1
DA:2,1
DA:3,1
DA:4,1
DA:6,1
LF:5
LH:5
BRF:0
BRH:0
end_of_record
TN:
SF:src\db\index.ts
FNF:0
FNH:0
DA:1,1
DA:2,1
LF:2
LH:2
BRF:0
BRH:0
end_of_record
TN:
SF:src\entity\core.entity.ts
FNF:0
FNH:0
DA:1,3
DA:4,3
DA:6,3
DA:8,3
DA:10,3
LF:5
LH:5
BRF:0
BRH:0
end_of_record
TN:
SF:src\entity\index.ts
FNF:0
FNH:0
DA:1,3
DA:2,3
DA:3,3
LF:3
LH:3
BRF:0
BRH:0
end_of_record
TN:
SF:src\entity\list.entity.ts
FN:25,(anonymous_2)
FN:25,(anonymous_3)
FNF:2
FNH:0
FNDA:0,(anonymous_2)
FNDA:0,(anonymous_3)
DA:1,3
DA:2,3
DA:3,3
DA:6,3
DA:8,3
DA:11,3
DA:14,3
DA:17,3
DA:20,3
DA:23,3
DA:25,0
DA:27,3
LF:12
LH:11
BRF:0
BRH:0
end_of_record
TN:
SF:src\entity\user.entity.ts
FN:18,(anonymous_2)
FN:18,(anonymous_3)
FNF:2
FNH:0
FNDA:0,(anonymous_2)
FNDA:0,(anonymous_3)
DA:1,3
DA:2,3
DA:3,3
DA:5,3
DA:7,3
DA:10,3
DA:13,3
DA:16,3
DA:18,0
DA:19,3
LF:10
LH:9
BRF:0
BRH:0
end_of_record
TN:
SF:src\errors\argumentValidation.error.ts
FN:6,(anonymous_1)
FNF:1
FNH:0
FNDA:0,(anonymous_1)
DA:1,1
DA:2,1
DA:4,1
DA:11,0
DA:12,0
LF:5
LH:3
BRF:0
BRH:0
end_of_record
TN:
SF:src\errors\custom.error.ts
FN:7,(anonymous_1)
FNF:1
FNH:0
FNDA:0,(anonymous_1)
DA:1,1
DA:3,1
DA:12,0
DA:13,0
DA:14,0
DA:15,0
DA:16,0
LF:7
LH:2
BRDA:9,0,0,0
BRF:1
BRH:0
end_of_record
TN:
SF:src\errors\index.ts
FNF:0
FNH:0
DA:1,1
DA:2,1
DA:3,1
LF:3
LH:3
BRF:0
BRH:0
end_of_record
TN:
SF:src\errors\unauthorized.error.ts
FN:5,(anonymous_1)
FNF:1
FNH:0
FNDA:0,(anonymous_1)
DA:1,1
DA:2,1
DA:4,1
DA:6,0
LF:4
LH:3
BRF:0
BRH:0
end_of_record
TN:
SF:src\routes\listRouter.ts
FNF:0
FNH:0
DA:1,1
DA:2,1
DA:3,1
DA:5,1
DA:7,1
DA:10,1
DA:11,1
DA:12,1
DA:13,1
DA:14,1
DA:15,1
DA:16,1
DA:17,1
DA:18,1
LF:14
LH:14
BRF:0
BRH:0
end_of_record
TN:
SF:src\services\list.service.ts
FN:9,(anonymous_7)
FN:16,(anonymous_8)
FN:32,(anonymous_10)
FN:50,(anonymous_12)
FN:65,(anonymous_14)
FN:91,(anonymous_16)
FN:109,(anonymous_18)
FN:127,(anonymous_20)
FN:145,(anonymous_22)
FN:164,(anonymous_24)
FN:183,(anonymous_26)
FN:210,(anonymous_28)
FNF:12
FNH:12
FNDA:29,(anonymous_7)
FNDA:2,(anonymous_8)
FNDA:3,(anonymous_10)
FNDA:15,(anonymous_12)
FNDA:5,(anonymous_14)
FNDA:3,(anonymous_16)
FNDA:2,(anonymous_18)
FNDA:2,(anonymous_20)
FNDA:2,(anonymous_22)
FNDA:2,(anonymous_24)
FNDA:2,(anonymous_26)
FNDA:3,(anonymous_28)
DA:1,2
DA:2,2
DA:3,2
DA:6,2
DA:10,29
DA:17,2
DA:18,2
DA:22,1
DA:24,1
DA:25,1
DA:33,3
DA:34,3
DA:42,1
DA:43,1
DA:51,15
DA:52,15
DA:57,1
DA:58,1
DA:66,5
DA:67,5
DA:68,5
DA:69,1
DA:70,1
DA:73,4
DA:81,3
DA:83,2
DA:84,2
DA:92,3
DA:93,3
DA:97,2
DA:99,1
DA:100,1
DA:110,2
DA:111,2
DA:119,1
DA:120,1
DA:128,2
DA:129,2
DA:137,1
DA:138,1
DA:146,2
DA:147,2
DA:148,2
DA:149,1
DA:152,1
DA:156,1
DA:157,1
DA:165,2
DA:166,2
DA:167,2
DA:168,1
DA:171,1
DA:175,1
DA:176,1
DA:184,2
DA:185,2
DA:186,2
DA:188,2
DA:189,2
DA:191,2
DA:202,1
DA:203,1
DA:211,3
DA:212,3
DA:223,1
DA:224,1
DA:230,2
LF:67
LH:67
BRDA:68,0,0,1
BRDA:97,1,0,1
BRDA:97,1,1,1
BRDA:148,2,0,1
BRDA:167,3,0,1
BRF:5
BRH:5
end_of_record
TN:
SF:src\services\user.service.ts
FN:10,(anonymous_7)
FN:10,(anonymous_8)
FN:22,(anonymous_9)
FN:22,(anonymous_10)
FNF:4
FNH:4
FNDA:2,(anonymous_7)
FNDA:2,(anonymous_8)
FNDA:2,(anonymous_9)
FNDA:2,(anonymous_10)
DA:1,1
DA:2,1
DA:10,2
DA:11,2
DA:12,2
DA:13,2
DA:16,2
DA:17,1
DA:18,1
DA:19,1
DA:22,2
DA:23,2
DA:24,2
DA:27,2
DA:28,1
LF:15
LH:15
BRDA:16,0,0,1
BRDA:27,1,0,1
BRF:2
BRH:2
end_of_record
TN:
SF:src\utils\checkAuth.ts
FN:8,(anonymous_8)
FN:8,(anonymous_9)
FNF:2
FNH:0
FNDA:0,(anonymous_8)
FNDA:0,(anonymous_9)
DA:2,1
DA:3,1
DA:5,1
DA:6,1
DA:8,1
DA:9,0
DA:10,0
DA:11,0
DA:12,0
DA:13,0
DA:14,0
DA:15,0
DA:17,0
LF:13
LH:5
BRDA:12,0,0,0
BRDA:12,0,1,0
BRF:2
BRH:0
end_of_record
TN:
SF:src\utils\encrypt.ts
FN:3,(anonymous_8)
FN:3,(anonymous_9)
FNF:2
FNH:2
FNDA:6,(anonymous_8)
FNDA:6,(anonymous_9)
DA:1,1
DA:3,6
DA:4,6
LF:3
LH:3
BRF:0
BRH:0
end_of_record
TN:
SF:src\utils\errorHandler.ts
FN:5,(anonymous_7)
FN:8,(anonymous_8)
FN:8,(anonymous_9)
FN:14,(anonymous_10)
FNF:4
FNH:3
FNDA:2,(anonymous_7)
FNDA:6,(anonymous_8)
FNDA:6,(anonymous_9)
FNDA:0,(anonymous_10)
DA:1,1
DA:3,1
DA:5,1
DA:8,6
DA:9,6
DA:10,6
DA:11,6
DA:12,0
DA:14,0
DA:17,6
DA:19,2
LF:11
LH:9
BRDA:11,0,0,0
BRF:1
BRH:0
end_of_record
TN:
SF:src\utils\index.ts
FNF:0
FNH:0
DA:1,1
DA:2,1
DA:3,1
DA:4,1
DA:5,1
DA:6,1
DA:7,1
LF:7
LH:7
BRF:0
BRH:0
end_of_record
TN:
SF:src\utils\logger.ts
FN:2,(anonymous_0)
FN:6,(anonymous_1)
FN:10,(anonymous_2)
FN:14,(anonymous_3)
FN:18,(anonymous_4)
FNF:5
FNH:0
FNDA:0,(anonymous_0)
FNDA:0,(anonymous_1)
FNDA:0,(anonymous_2)
FNDA:0,(anonymous_3)
FNDA:0,(anonymous_4)
DA:3,0
DA:7,0
DA:11,0
DA:15,0
DA:19,0
DA:23,1
LF:6
LH:1
BRF:0
BRH:0
end_of_record
TN:
SF:src\utils\validateIp.ts
FN:3,(anonymous_0)
FNF:1
FNH:0
FNDA:0,(anonymous_0)
DA:1,1
DA:3,1
DA:4,0
LF:3
LH:2
BRDA:4,0,0,0
BRDA:4,0,1,0
BRF:2
BRH:0
end_of_record
